Arguments: 
  /home/abhigyan/.nvm/versions/node/v8.9.2/bin/node /home/abhigyan/.yarn/bin/yarn.js addd nodemon --exact --dev

PATH: 
  /home/abhigyan/.yarn/bin:/home/abhigyan/.config/yarn/global/node_modules/.bin:/home/abhigyan/.yarn/bin:/home/abhigyan/.config/yarn/global/node_modules/.bin:/home/abhigyan/.nvm/versions/node/v8.9.2/bin:/home/abhigyan/bin:/home/abhigyan/.local/bin:/usr/local/sbin:/usr/local/bin:/usr/sbin:/usr/bin:/sbin:/bin:/usr/games:/usr/local/games:/snap/bin:/usr/lib/jvm/java-8-oracle/bin:/usr/lib/jvm/java-8-oracle/db/bin:/usr/lib/jvm/java-8-oracle/jre/bin

Yarn version: 
  1.5.1

Node version: 
  8.9.2

Platform: 
  linux x64

npm manifest: 
  {
    "name": "Todo",
    "version": "1.0.0",
    "main": "index.js",
    "license": "MIT"
  }

yarn manifest: 
  No manifest

Lockfile: 
  No lockfile

Trace: 
  Error: Command "addd" not found.
      at new MessageError (/home/abhigyan/.yarn/lib/cli.js:186:110)
      at /home/abhigyan/.yarn/lib/cli.js:87307:17
      at Generator.next (<anonymous>)
      at step (/home/abhigyan/.yarn/lib/cli.js:98:30)
      at /home/abhigyan/.yarn/lib/cli.js:116:14
      at new Promise (<anonymous>)
      at new F (/home/abhigyan/.yarn/lib/cli.js:23451:28)
      at /home/abhigyan/.yarn/lib/cli.js:95:12
      at runCommand (/home/abhigyan/.yarn/lib/cli.js:87312:22)
      at Object.<anonymous> (/home/abhigyan/.yarn/lib/cli.js:87412:14)
